апр 24, 2021 10:42:18 PM ua.com.alevel.dao.imp.AuthorImp delete
INFO: Entre method delete(Author)...
апр 24, 2021 10:42:43 PM ua.com.alevel.dao.imp.AuthorImp delete
INFO: Exit from method delete(Author)...
апр 24, 2021 10:46:21 PM ua.com.alevel.dao.imp.AuthorImp readId
INFO: Method readId(Author) is execute...
апр 24, 2021 10:47:01 PM ua.com.alevel.dao.imp.AuthorImp create
INFO: Entre method create(Author)...
апр 24, 2021 10:47:03 PM ua.com.alevel.dao.imp.AuthorImp create
INFO: Exit from method create(Author)...
апр 24, 2021 10:50:27 PM ua.com.alevel.dao.imp.AuthorImp create
INFO: Entre method create(Author)...
апр 24, 2021 10:50:27 PM ua.com.alevel.dao.imp.AuthorImp create
INFO: Exit from method create(Author)...
апр 24, 2021 10:52:23 PM ua.com.alevel.dao.imp.AuthorImp readId
INFO: Method readId(Author) is execute...
апр 24, 2021 10:57:17 PM ua.com.alevel.dao.imp.AuthorImp readId
INFO: Method readId(Author) is execute...
апр 24, 2021 10:57:28 PM ua.com.alevel.dao.imp.AuthorImp update
INFO: Entre method update(Author)...
апр 24, 2021 10:57:28 PM ua.com.alevel.dao.imp.AuthorImp update
INFO: Exit from method update(Author)...
апр 24, 2021 11:21:35 PM ua.com.alevel.dao.imp.AuthorImp create
INFO: Entre method create(Author)...
апр 24, 2021 11:21:35 PM ua.com.alevel.dao.imp.AuthorImp create
INFO: Exit from method create(Author)...
апр 24, 2021 11:21:57 PM ua.com.alevel.dao.imp.BookImp create
INFO: Entre method create(Book)...
апр 24, 2021 11:21:57 PM ua.com.alevel.dao.imp.BookImp create
INFO: Exit from method create(Book)...
апр 24, 2021 11:24:09 PM ua.com.alevel.dao.imp.AuthorImp create
INFO: Entre method create(Author)...
апр 24, 2021 11:24:09 PM ua.com.alevel.dao.imp.AuthorImp create
INFO: Exit from method create(Author)...
апр 24, 2021 11:24:28 PM ua.com.alevel.dao.imp.BookImp create
INFO: Entre method create(Book)...
апр 24, 2021 11:24:28 PM ua.com.alevel.dao.imp.BookImp create
INFO: Exit from method create(Book)...
апр 24, 2021 11:43:35 PM ua.com.alevel.dao.imp.BookImp create
INFO: Entre method create(Book)...
апр 24, 2021 11:43:35 PM ua.com.alevel.dao.imp.BookImp create
INFO: Exit from method create(Book)...
