апр 03, 2021 11:06:17 PM ua.com.alevel.dao.imp.AuthorImp <clinit>
INFO: My first log
апр 03, 2021 11:06:32 PM ua.com.alevel.dao.imp.AuthorImp create
INFO: Entre method create()...
апр 03, 2021 11:06:32 PM ua.com.alevel.dao.imp.AuthorImp create
INFO: Exit from method create()...
апр 03, 2021 11:06:39 PM ua.com.alevel.dao.imp.AuthorImp create
INFO: Entre method create()...
апр 03, 2021 11:06:39 PM ua.com.alevel.dao.imp.AuthorImp create
INFO: Exit from method create()...
апр 03, 2021 11:26:23 PM ua.com.alevel.dao.imp.AuthorImp <clinit>
INFO: My first log
апр 03, 2021 11:26:33 PM ua.com.alevel.dao.imp.AuthorImp create
INFO: Entre method create()...
апр 03, 2021 11:26:33 PM ua.com.alevel.dao.imp.AuthorImp create
INFO: Exit from method create()...
апр 03, 2021 11:26:37 PM ua.com.alevel.dao.imp.AuthorImp create
INFO: Entre method create()...
апр 03, 2021 11:26:37 PM ua.com.alevel.dao.imp.AuthorImp create
INFO: Exit from method create()...
апр 03, 2021 11:26:41 PM ua.com.alevel.dao.imp.AuthorImp create
INFO: Entre method create()...
апр 03, 2021 11:26:41 PM ua.com.alevel.dao.imp.AuthorImp create
INFO: Exit from method create()...
апр 03, 2021 11:26:46 PM ua.com.alevel.dao.imp.AuthorImp readId
INFO: Method readId() is execute...
апр 03, 2021 11:26:49 PM ua.com.alevel.dao.imp.AuthorImp update
INFO: Entre method update()...
апр 03, 2021 11:26:49 PM ua.com.alevel.dao.imp.AuthorImp update
INFO: Exit from method update()...
апр 03, 2021 11:26:52 PM ua.com.alevel.dao.imp.AuthorImp read
INFO: Method read() is execute...
апр 03, 2021 11:35:40 PM ua.com.alevel.dao.imp.BookImp create
INFO: Entre method create()...
апр 03, 2021 11:35:40 PM ua.com.alevel.dao.imp.BookImp create
INFO: Exit from method create()...
апр 03, 2021 11:35:43 PM ua.com.alevel.dao.imp.BookImp create
INFO: Entre method create()...
апр 03, 2021 11:35:43 PM ua.com.alevel.dao.imp.BookImp create
INFO: Exit from method create()...
апр 03, 2021 11:35:46 PM ua.com.alevel.dao.imp.BookImp readId
INFO: Method readId() is execute...
апр 03, 2021 11:35:47 PM ua.com.alevel.dao.imp.BookImp update
INFO: Entre method update()...
апр 03, 2021 11:35:47 PM ua.com.alevel.dao.imp.BookImp update
INFO: Exit from method update()...
апр 03, 2021 11:35:51 PM ua.com.alevel.dao.imp.BookImp delete
INFO: Entre method delete()...
апр 03, 2021 11:35:51 PM ua.com.alevel.dao.imp.BookImp delete
INFO: Exit from method delete()...
апр 03, 2021 11:35:53 PM ua.com.alevel.dao.imp.BookImp read
INFO: Method read() is execute...
апр 03, 2021 11:38:51 PM ua.com.alevel.dao.imp.AuthorImp create
INFO: Entre method create(Author)...
апр 03, 2021 11:38:51 PM ua.com.alevel.dao.imp.AuthorImp create
INFO: Exit from method create()...
апр 03, 2021 11:39:17 PM ua.com.alevel.dao.imp.AuthorImp delete
INFO: Entre method delete(Author)...
апр 03, 2021 11:39:17 PM ua.com.alevel.dao.imp.AuthorImp delete
INFO: Exit from method delete(Author)...
апр 03, 2021 11:39:21 PM ua.com.alevel.dao.imp.AuthorImp read
INFO: Method read(Author) is execute...
апр 03, 2021 11:39:52 PM ua.com.alevel.dao.imp.BookImp create
INFO: Entre method create(Book)...
апр 03, 2021 11:39:52 PM ua.com.alevel.dao.imp.BookImp create
INFO: Exit from method create(Book)...
апр 03, 2021 11:39:58 PM ua.com.alevel.dao.imp.BookImp create
INFO: Entre method create(Book)...
апр 03, 2021 11:39:58 PM ua.com.alevel.dao.imp.BookImp create
INFO: Exit from method create(Book)...
апр 03, 2021 11:40:01 PM ua.com.alevel.dao.imp.BookImp readId
INFO: Method readId(Book) is execute...
апр 03, 2021 11:40:03 PM ua.com.alevel.dao.imp.BookImp update
INFO: Entre method update(Book)...
апр 03, 2021 11:40:03 PM ua.com.alevel.dao.imp.BookImp update
INFO: Exit from method update(Book)...
апр 03, 2021 11:40:19 PM ua.com.alevel.dao.imp.BookImp create
INFO: Entre method create(Book)...
апр 03, 2021 11:40:19 PM ua.com.alevel.dao.imp.BookImp create
INFO: Exit from method create(Book)...
апр 03, 2021 11:40:20 PM ua.com.alevel.dao.imp.BookImp read
INFO: Method read(Book) is execute...
апр 03, 2021 11:40:34 PM ua.com.alevel.dao.imp.BookImp readId
INFO: Method readId(Book) is execute...
апр 04, 2021 12:03:48 AM ua.com.alevel.dao.imp.AuthorImp create
INFO: Entre method create(Author)...
апр 04, 2021 12:03:48 AM ua.com.alevel.dao.imp.AuthorImp create
INFO: Exit from method create(Author)...
апр 04, 2021 12:04:14 AM ua.com.alevel.dao.imp.AuthorImp create
INFO: Entre method create(Author)...
апр 04, 2021 12:04:14 AM ua.com.alevel.dao.imp.AuthorImp create
INFO: Exit from method create(Author)...
апр 04, 2021 12:04:59 AM ua.com.alevel.dao.imp.BookImp create
INFO: Entre method create(Book)...
апр 04, 2021 12:04:59 AM ua.com.alevel.dao.imp.BookImp create
INFO: Exit from method create(Book)...
апр 04, 2021 12:05:03 AM ua.com.alevel.dao.imp.BookImp create
INFO: Entre method create(Book)...
апр 04, 2021 12:05:03 AM ua.com.alevel.dao.imp.BookImp create
INFO: Exit from method create(Book)...
апр 04, 2021 12:05:30 AM ua.com.alevel.dao.imp.AuthorImp read
INFO: Method read(Author) is execute...
апр 04, 2021 12:05:38 AM ua.com.alevel.dao.imp.AuthorImp create
INFO: Entre method create(Author)...
апр 04, 2021 12:05:38 AM ua.com.alevel.dao.imp.AuthorImp create
INFO: Exit from method create(Author)...
апр 04, 2021 12:05:40 AM ua.com.alevel.dao.imp.AuthorImp read
INFO: Method read(Author) is execute...
апр 04, 2021 12:05:55 AM ua.com.alevel.dao.imp.AuthorImp create
INFO: Entre method create(Author)...
апр 04, 2021 12:05:55 AM ua.com.alevel.dao.imp.AuthorImp create
INFO: Exit from method create(Author)...
апр 04, 2021 12:07:00 AM ua.com.alevel.dao.imp.AuthorImp create
INFO: Entre method create(Author)...
апр 04, 2021 12:07:00 AM ua.com.alevel.dao.imp.AuthorImp create
INFO: Exit from method create(Author)...
апр 04, 2021 12:07:15 AM ua.com.alevel.dao.imp.BookImp create
INFO: Entre method create(Book)...
апр 04, 2021 12:07:15 AM ua.com.alevel.dao.imp.BookImp create
INFO: Exit from method create(Book)...
апр 04, 2021 12:18:14 AM ua.com.alevel.dao.imp.AuthorImp create
INFO: Entre method create(Author)...
апр 04, 2021 12:18:14 AM ua.com.alevel.dao.imp.AuthorImp create
INFO: Exit from method create(Author)...
апр 04, 2021 12:18:19 AM ua.com.alevel.dao.imp.AuthorImp create
INFO: Entre method create(Author)...
апр 04, 2021 12:18:19 AM ua.com.alevel.dao.imp.AuthorImp create
INFO: Exit from method create(Author)...
